2024-10-04T14:51:27.912-03:00  INFO 18040 --- [msclientes] [restartedMain] i.g.k.msclientes.MsclientesApplication   : Starting MsclientesApplication using Java 17.0.9 with PID 18040 (C:\Users\Karina\Documents\Estudo\Curso microsserviço com mensageria\projetos do curso\msclientes\target\classes started by Karina in C:\Users\Karina\Documents\Estudo\Curso microsserviço com mensageria\projetos do curso\msclientes)
2024-10-04T14:51:27.915-03:00  INFO 18040 --- [msclientes] [restartedMain] i.g.k.msclientes.MsclientesApplication   : No active profile set, falling back to 1 default profile: "default"
2024-10-04T14:51:27.983-03:00  INFO 18040 --- [msclientes] [restartedMain] .e.DevToolsPropertyDefaultsPostProcessor : Devtools property defaults active! Set 'spring.devtools.add-properties' to 'false' to disable
2024-10-04T14:51:27.984-03:00  INFO 18040 --- [msclientes] [restartedMain] .e.DevToolsPropertyDefaultsPostProcessor : For additional web related logging consider setting the 'logging.level.web' property to 'DEBUG'
2024-10-04T14:51:29.001-03:00  INFO 18040 --- [msclientes] [restartedMain] .s.d.r.c.RepositoryConfigurationDelegate : Bootstrapping Spring Data JPA repositories in DEFAULT mode.
2024-10-04T14:51:29.142-03:00  INFO 18040 --- [msclientes] [restartedMain] .s.d.r.c.RepositoryConfigurationDelegate : Finished Spring Data repository scanning in 133 ms. Found 1 JPA repository interface.
2024-10-04T14:51:29.398-03:00  INFO 18040 --- [msclientes] [restartedMain] o.s.cloud.context.scope.GenericScope     : BeanFactory id=1e8efc85-191a-3963-ae85-49984c8624f3
2024-10-04T14:51:29.703-03:00  WARN 18040 --- [msclientes] [restartedMain] trationDelegate$BeanPostProcessorChecker : Bean 'org.springframework.cloud.client.loadbalancer.LoadBalancerAutoConfiguration$LoadBalancerInterceptorConfig' of type [org.springframework.cloud.client.loadbalancer.LoadBalancerAutoConfiguration$LoadBalancerInterceptorConfig] is not eligible for getting processed by all BeanPostProcessors (for example: not eligible for auto-proxying). The currently created BeanPostProcessor [lbRestClientPostProcessor] is declared through a non-static factory method on that class; consider declaring it as static instead.
2024-10-04T14:51:29.708-03:00  WARN 18040 --- [msclientes] [restartedMain] trationDelegate$BeanPostProcessorChecker : Bean 'org.springframework.cloud.loadbalancer.config.BlockingLoadBalancerClientAutoConfiguration' of type [org.springframework.cloud.loadbalancer.config.BlockingLoadBalancerClientAutoConfiguration] is not eligible for getting processed by all BeanPostProcessors (for example: not eligible for auto-proxying). Is this bean getting eagerly injected into a currently created BeanPostProcessor [lbRestClientPostProcessor]? Check the corresponding BeanPostProcessor declaration and its dependencies.
2024-10-04T14:51:29.710-03:00  WARN 18040 --- [msclientes] [restartedMain] trationDelegate$BeanPostProcessorChecker : Bean 'org.springframework.cloud.loadbalancer.config.LoadBalancerAutoConfiguration' of type [org.springframework.cloud.loadbalancer.config.LoadBalancerAutoConfiguration] is not eligible for getting processed by all BeanPostProcessors (for example: not eligible for auto-proxying). Is this bean getting eagerly injected into a currently created BeanPostProcessor [lbRestClientPostProcessor]? Check the corresponding BeanPostProcessor declaration and its dependencies.
2024-10-04T14:51:29.723-03:00  WARN 18040 --- [msclientes] [restartedMain] trationDelegate$BeanPostProcessorChecker : Bean 'org.springframework.cloud.commons.config.CommonsConfigAutoConfiguration' of type [org.springframework.cloud.commons.config.CommonsConfigAutoConfiguration] is not eligible for getting processed by all BeanPostProcessors (for example: not eligible for auto-proxying). Is this bean getting eagerly injected into a currently created BeanPostProcessor [lbRestClientPostProcessor]? Check the corresponding BeanPostProcessor declaration and its dependencies.
2024-10-04T14:51:29.726-03:00  WARN 18040 --- [msclientes] [restartedMain] trationDelegate$BeanPostProcessorChecker : Bean 'org.springframework.cloud.client.loadbalancer.LoadBalancerDefaultMappingsProviderAutoConfiguration' of type [org.springframework.cloud.client.loadbalancer.LoadBalancerDefaultMappingsProviderAutoConfiguration] is not eligible for getting processed by all BeanPostProcessors (for example: not eligible for auto-proxying). Is this bean getting eagerly injected into a currently created BeanPostProcessor [lbRestClientPostProcessor]? Check the corresponding BeanPostProcessor declaration and its dependencies.
2024-10-04T14:51:29.727-03:00  WARN 18040 --- [msclientes] [restartedMain] trationDelegate$BeanPostProcessorChecker : Bean 'loadBalancerClientsDefaultsMappingsProvider' of type [org.springframework.cloud.client.loadbalancer.LoadBalancerDefaultMappingsProviderAutoConfiguration$$Lambda$617/0x0000020894444e88] is not eligible for getting processed by all BeanPostProcessors (for example: not eligible for auto-proxying). Is this bean getting eagerly injected into a currently created BeanPostProcessor [lbRestClientPostProcessor]? Check the corresponding BeanPostProcessor declaration and its dependencies.
2024-10-04T14:51:29.731-03:00  WARN 18040 --- [msclientes] [restartedMain] trationDelegate$BeanPostProcessorChecker : Bean 'defaultsBindHandlerAdvisor' of type [org.springframework.cloud.commons.config.DefaultsBindHandlerAdvisor] is not eligible for getting processed by all BeanPostProcessors (for example: not eligible for auto-proxying). Is this bean getting eagerly injected into a currently created BeanPostProcessor [lbRestClientPostProcessor]? Check the corresponding BeanPostProcessor declaration and its dependencies.
2024-10-04T14:51:29.739-03:00  WARN 18040 --- [msclientes] [restartedMain] trationDelegate$BeanPostProcessorChecker : Bean 'spring.cloud.loadbalancer-org.springframework.cloud.client.loadbalancer.LoadBalancerClientsProperties' of type [org.springframework.cloud.client.loadbalancer.LoadBalancerClientsProperties] is not eligible for getting processed by all BeanPostProcessors (for example: not eligible for auto-proxying). Is this bean getting eagerly injected into a currently created BeanPostProcessor [lbRestClientPostProcessor]? Check the corresponding BeanPostProcessor declaration and its dependencies.
2024-10-04T14:51:29.748-03:00  WARN 18040 --- [msclientes] [restartedMain] trationDelegate$BeanPostProcessorChecker : Bean 'default.org.springframework.cloud.loadbalancer.config.LoadBalancerAutoConfiguration.LoadBalancerClientSpecification' of type [org.springframework.cloud.loadbalancer.annotation.LoadBalancerClientSpecification] is not eligible for getting processed by all BeanPostProcessors (for example: not eligible for auto-proxying). Is this bean getting eagerly injected into a currently created BeanPostProcessor [lbRestClientPostProcessor]? Check the corresponding BeanPostProcessor declaration and its dependencies.
2024-10-04T14:51:29.751-03:00  WARN 18040 --- [msclientes] [restartedMain] trationDelegate$BeanPostProcessorChecker : Bean 'default.org.springframework.cloud.loadbalancer.config.BlockingLoadBalancerClientAutoConfiguration.LoadBalancerClientSpecification' of type [org.springframework.cloud.loadbalancer.annotation.LoadBalancerClientSpecification] is not eligible for getting processed by all BeanPostProcessors (for example: not eligible for auto-proxying). Is this bean getting eagerly injected into a currently created BeanPostProcessor [lbRestClientPostProcessor]? Check the corresponding BeanPostProcessor declaration and its dependencies.
2024-10-04T14:51:29.752-03:00  WARN 18040 --- [msclientes] [restartedMain] trationDelegate$BeanPostProcessorChecker : Bean 'default.org.springframework.cloud.netflix.eureka.loadbalancer.LoadBalancerEurekaAutoConfiguration.LoadBalancerClientSpecification' of type [org.springframework.cloud.loadbalancer.annotation.LoadBalancerClientSpecification] is not eligible for getting processed by all BeanPostProcessors (for example: not eligible for auto-proxying). Is this bean getting eagerly injected into a currently created BeanPostProcessor [lbRestClientPostProcessor]? Check the corresponding BeanPostProcessor declaration and its dependencies.
2024-10-04T14:51:29.753-03:00  WARN 18040 --- [msclientes] [restartedMain] trationDelegate$BeanPostProcessorChecker : Bean 'loadBalancerClientFactory' of type [org.springframework.cloud.loadbalancer.support.LoadBalancerClientFactory] is not eligible for getting processed by all BeanPostProcessors (for example: not eligible for auto-proxying). Is this bean getting eagerly injected into a currently created BeanPostProcessor [lbRestClientPostProcessor]? Check the corresponding BeanPostProcessor declaration and its dependencies.
2024-10-04T14:51:29.760-03:00  WARN 18040 --- [msclientes] [restartedMain] trationDelegate$BeanPostProcessorChecker : Bean 'blockingLoadBalancerClient' of type [org.springframework.cloud.loadbalancer.blocking.client.BlockingLoadBalancerClient] is not eligible for getting processed by all BeanPostProcessors (for example: not eligible for auto-proxying). Is this bean getting eagerly injected into a currently created BeanPostProcessor [lbRestClientPostProcessor]? Check the corresponding BeanPostProcessor declaration and its dependencies.
2024-10-04T14:51:29.772-03:00  WARN 18040 --- [msclientes] [restartedMain] trationDelegate$BeanPostProcessorChecker : Bean 'loadBalancerServiceInstanceCookieTransformer' of type [org.springframework.cloud.loadbalancer.core.LoadBalancerServiceInstanceCookieTransformer] is not eligible for getting processed by all BeanPostProcessors (for example: not eligible for auto-proxying). Is this bean getting eagerly injected into a currently created BeanPostProcessor [lbRestClientPostProcessor]? Check the corresponding BeanPostProcessor declaration and its dependencies.
2024-10-04T14:51:29.775-03:00  WARN 18040 --- [msclientes] [restartedMain] trationDelegate$BeanPostProcessorChecker : Bean 'xForwarderHeadersTransformer' of type [org.springframework.cloud.loadbalancer.blocking.XForwardedHeadersTransformer] is not eligible for getting processed by all BeanPostProcessors (for example: not eligible for auto-proxying). Is this bean getting eagerly injected into a currently created BeanPostProcessor [lbRestClientPostProcessor]? Check the corresponding BeanPostProcessor declaration and its dependencies.
2024-10-04T14:51:29.776-03:00  WARN 18040 --- [msclientes] [restartedMain] trationDelegate$BeanPostProcessorChecker : Bean 'org.springframework.cloud.client.loadbalancer.LoadBalancerAutoConfiguration' of type [org.springframework.cloud.client.loadbalancer.LoadBalancerAutoConfiguration] is not eligible for getting processed by all BeanPostProcessors (for example: not eligible for auto-proxying). Is this bean getting eagerly injected into a currently created BeanPostProcessor [lbRestClientPostProcessor]? Check the corresponding BeanPostProcessor declaration and its dependencies.
2024-10-04T14:51:29.779-03:00  WARN 18040 --- [msclientes] [restartedMain] trationDelegate$BeanPostProcessorChecker : Bean 'loadBalancerRequestFactory' of type [org.springframework.cloud.client.loadbalancer.LoadBalancerRequestFactory] is not eligible for getting processed by all BeanPostProcessors (for example: not eligible for auto-proxying). Is this bean getting eagerly injected into a currently created BeanPostProcessor [lbRestClientPostProcessor]? Check the corresponding BeanPostProcessor declaration and its dependencies.
2024-10-04T14:51:29.782-03:00  WARN 18040 --- [msclientes] [restartedMain] trationDelegate$BeanPostProcessorChecker : Bean 'loadBalancerInterceptor' of type [org.springframework.cloud.client.loadbalancer.LoadBalancerInterceptor] is not eligible for getting processed by all BeanPostProcessors (for example: not eligible for auto-proxying). Is this bean getting eagerly injected into a currently created BeanPostProcessor [lbRestClientPostProcessor]? Check the corresponding BeanPostProcessor declaration and its dependencies.
2024-10-04T14:51:30.269-03:00  INFO 18040 --- [msclientes] [restartedMain] o.s.b.w.embedded.tomcat.TomcatWebServer  : Tomcat initialized with port 0 (http)
2024-10-04T14:51:30.281-03:00  INFO 18040 --- [msclientes] [restartedMain] o.apache.catalina.core.StandardService   : Starting service [Tomcat]
2024-10-04T14:51:30.281-03:00  INFO 18040 --- [msclientes] [restartedMain] o.apache.catalina.core.StandardEngine    : Starting Servlet engine: [Apache Tomcat/10.1.17]
2024-10-04T14:51:30.347-03:00  INFO 18040 --- [msclientes] [restartedMain] o.a.c.c.C.[Tomcat].[localhost].[/]       : Initializing Spring embedded WebApplicationContext
2024-10-04T14:51:30.348-03:00  INFO 18040 --- [msclientes] [restartedMain] w.s.c.ServletWebServerApplicationContext : Root WebApplicationContext: initialization completed in 2364 ms
2024-10-04T14:51:30.519-03:00  INFO 18040 --- [msclientes] [restartedMain] com.zaxxer.hikari.HikariDataSource       : HikariPool-1 - Starting...
2024-10-04T14:51:30.691-03:00  INFO 18040 --- [msclientes] [restartedMain] com.zaxxer.hikari.pool.HikariPool        : HikariPool-1 - Added connection conn0: url=jdbc:h2:mem:8c7b2a76-eb97-4beb-adc6-cc3cfbd1653f user=SA
2024-10-04T14:51:30.693-03:00  INFO 18040 --- [msclientes] [restartedMain] com.zaxxer.hikari.HikariDataSource       : HikariPool-1 - Start completed.
2024-10-04T14:51:30.702-03:00  INFO 18040 --- [msclientes] [restartedMain] o.s.b.a.h2.H2ConsoleAutoConfiguration    : H2 console available at '/h2-console'. Database available at 'jdbc:h2:mem:8c7b2a76-eb97-4beb-adc6-cc3cfbd1653f'
2024-10-04T14:51:30.977-03:00  INFO 18040 --- [msclientes] [restartedMain] o.hibernate.jpa.internal.util.LogHelper  : HHH000204: Processing PersistenceUnitInfo [name: default]
2024-10-04T14:51:31.046-03:00  INFO 18040 --- [msclientes] [restartedMain] org.hibernate.Version                    : HHH000412: Hibernate ORM core version 6.4.1.Final
2024-10-04T14:51:31.086-03:00  INFO 18040 --- [msclientes] [restartedMain] o.h.c.internal.RegionFactoryInitiator    : HHH000026: Second-level cache disabled
2024-10-04T14:51:31.347-03:00  INFO 18040 --- [msclientes] [restartedMain] o.s.o.j.p.SpringPersistenceUnitInfo      : No LoadTimeWeaver setup: ignoring JPA class transformer
2024-10-04T14:51:32.257-03:00  INFO 18040 --- [msclientes] [restartedMain] o.h.e.t.j.p.i.JtaPlatformInitiator       : HHH000489: No JTA platform available (set 'hibernate.transaction.jta.platform' to enable JTA platform integration)
2024-10-04T14:51:32.284-03:00  INFO 18040 --- [msclientes] [restartedMain] j.LocalContainerEntityManagerFactoryBean : Initialized JPA EntityManagerFactory for persistence unit 'default'
2024-10-04T14:51:32.738-03:00  WARN 18040 --- [msclientes] [restartedMain] JpaBaseConfiguration$JpaWebConfiguration : spring.jpa.open-in-view is enabled by default. Therefore, database queries may be performed during view rendering. Explicitly configure spring.jpa.open-in-view to disable this warning
2024-10-04T14:51:33.783-03:00  WARN 18040 --- [msclientes] [restartedMain] o.s.b.d.a.OptionalLiveReloadServer       : Unable to start LiveReload server
2024-10-04T14:51:33.919-03:00  INFO 18040 --- [msclientes] [restartedMain] DiscoveryClientOptionalArgsConfiguration : Eureka HTTP Client uses RestTemplate.
2024-10-04T14:51:33.955-03:00  WARN 18040 --- [msclientes] [restartedMain] iguration$LoadBalancerCaffeineWarnLogger : Spring Cloud LoadBalancer is currently working with the default cache. While this cache implementation is useful for development and tests, it's recommended to use Caffeine cache in production.You can switch to using Caffeine cache, by adding it and org.springframework.cache.caffeine.CaffeineCacheManager to the classpath.
2024-10-04T14:51:33.964-03:00  INFO 18040 --- [msclientes] [restartedMain] o.s.b.a.e.web.EndpointLinksResolver      : Exposing 17 endpoint(s) beneath base path '/actuator'
2024-10-04T14:51:34.060-03:00  INFO 18040 --- [msclientes] [restartedMain] o.s.b.w.embedded.tomcat.TomcatWebServer  : Tomcat started on port 57865 (http) with context path ''
2024-10-04T14:51:34.062-03:00  INFO 18040 --- [msclientes] [restartedMain] .s.c.n.e.s.EurekaAutoServiceRegistration : Updating port to 57865
2024-10-04T14:51:34.066-03:00  INFO 18040 --- [msclientes] [restartedMain] o.s.c.n.eureka.InstanceInfoFactory       : Setting initial instance status as: STARTING
2024-10-04T14:51:34.132-03:00  INFO 18040 --- [msclientes] [restartedMain] com.netflix.discovery.DiscoveryClient    : Initializing Eureka in region us-east-1
2024-10-04T14:51:34.137-03:00  INFO 18040 --- [msclientes] [restartedMain] c.n.d.s.r.aws.ConfigClusterResolver      : Resolving eureka endpoints via configuration
2024-10-04T14:51:34.165-03:00  INFO 18040 --- [msclientes] [restartedMain] com.netflix.discovery.DiscoveryClient    : Disable delta property : false
2024-10-04T14:51:34.165-03:00  INFO 18040 --- [msclientes] [restartedMain] com.netflix.discovery.DiscoveryClient    : Single vip registry refresh property : null
2024-10-04T14:51:34.165-03:00  INFO 18040 --- [msclientes] [restartedMain] com.netflix.discovery.DiscoveryClient    : Force full registry fetch : false
2024-10-04T14:51:34.165-03:00  INFO 18040 --- [msclientes] [restartedMain] com.netflix.discovery.DiscoveryClient    : Application is null : false
2024-10-04T14:51:34.165-03:00  INFO 18040 --- [msclientes] [restartedMain] com.netflix.discovery.DiscoveryClient    : Registered Applications size is zero : true
2024-10-04T14:51:34.165-03:00  INFO 18040 --- [msclientes] [restartedMain] com.netflix.discovery.DiscoveryClient    : Application version is -1: true
2024-10-04T14:51:34.165-03:00  INFO 18040 --- [msclientes] [restartedMain] com.netflix.discovery.DiscoveryClient    : Getting all instance registry info from the eureka server
2024-10-04T14:51:34.504-03:00  INFO 18040 --- [msclientes] [restartedMain] com.netflix.discovery.DiscoveryClient    : The response status is 200
2024-10-04T14:51:34.507-03:00  INFO 18040 --- [msclientes] [restartedMain] com.netflix.discovery.DiscoveryClient    : Starting heartbeat executor: renew interval is: 30
2024-10-04T14:51:34.509-03:00  INFO 18040 --- [msclientes] [restartedMain] c.n.discovery.InstanceInfoReplicator     : InstanceInfoReplicator onDemand update allowed rate per min is 4
2024-10-04T14:51:34.512-03:00  INFO 18040 --- [msclientes] [restartedMain] com.netflix.discovery.DiscoveryClient    : Discovery Client initialized at timestamp 1728064294511 with initial instances count: 3
2024-10-04T14:51:34.519-03:00  INFO 18040 --- [msclientes] [restartedMain] o.s.c.n.e.s.EurekaServiceRegistry        : Registering application MSCLIENTES with eureka with status UP
2024-10-04T14:51:34.519-03:00  INFO 18040 --- [msclientes] [restartedMain] com.netflix.discovery.DiscoveryClient    : Saw local status change event StatusChangeEvent [timestamp=1728064294519, current=UP, previous=STARTING]
2024-10-04T14:51:34.520-03:00  INFO 18040 --- [msclientes] [DiscoveryClient-InstanceInfoReplicator-0] com.netflix.discovery.DiscoveryClient    : DiscoveryClient_MSCLIENTES/msclientes:5028d9e26f1e6b2f8268f833ebb2b936: registering service...
2024-10-04T14:51:34.556-03:00  INFO 18040 --- [msclientes] [DiscoveryClient-InstanceInfoReplicator-0] com.netflix.discovery.DiscoveryClient    : DiscoveryClient_MSCLIENTES/msclientes:5028d9e26f1e6b2f8268f833ebb2b936 - registration status: 204
2024-10-04T14:51:34.637-03:00  INFO 18040 --- [msclientes] [restartedMain] i.g.k.msclientes.MsclientesApplication   : Started MsclientesApplication in 7.29 seconds (process running for 7.76)
2024-10-04T14:52:20.644-03:00  INFO 18040 --- [msclientes] [http-nio-auto-1-exec-1] o.a.c.c.C.[Tomcat].[localhost].[/]       : Initializing Spring DispatcherServlet 'dispatcherServlet'
2024-10-04T14:52:20.644-03:00  INFO 18040 --- [msclientes] [http-nio-auto-1-exec-1] o.s.web.servlet.DispatcherServlet        : Initializing Servlet 'dispatcherServlet'
2024-10-04T14:52:20.645-03:00  INFO 18040 --- [msclientes] [http-nio-auto-1-exec-1] o.s.web.servlet.DispatcherServlet        : Completed initialization in 1 ms
2024-10-04T14:56:34.180-03:00  INFO 18040 --- [msclientes] [AsyncResolver-bootstrap-executor-0] c.n.d.s.r.aws.ConfigClusterResolver      : Resolving eureka endpoints via configuration
2024-10-04T15:01:34.192-03:00  INFO 18040 --- [msclientes] [AsyncResolver-bootstrap-executor-0] c.n.d.s.r.aws.ConfigClusterResolver      : Resolving eureka endpoints via configuration
2024-10-04T15:01:55.749-03:00  INFO 18040 --- [msclientes] [SpringApplicationShutdownHook] o.s.c.n.e.s.EurekaServiceRegistry        : Unregistering application MSCLIENTES with eureka with status DOWN
2024-10-04T15:01:55.749-03:00  INFO 18040 --- [msclientes] [SpringApplicationShutdownHook] com.netflix.discovery.DiscoveryClient    : Saw local status change event StatusChangeEvent [timestamp=1728064915749, current=DOWN, previous=UP]
2024-10-04T15:01:55.750-03:00  INFO 18040 --- [msclientes] [DiscoveryClient-InstanceInfoReplicator-0] com.netflix.discovery.DiscoveryClient    : DiscoveryClient_MSCLIENTES/msclientes:5028d9e26f1e6b2f8268f833ebb2b936: registering service...
2024-10-04T15:01:55.767-03:00  INFO 18040 --- [msclientes] [DiscoveryClient-InstanceInfoReplicator-0] com.netflix.discovery.DiscoveryClient    : DiscoveryClient_MSCLIENTES/msclientes:5028d9e26f1e6b2f8268f833ebb2b936 - registration status: 204
2024-10-04T15:01:55.803-03:00  INFO 18040 --- [msclientes] [SpringApplicationShutdownHook] j.LocalContainerEntityManagerFactoryBean : Closing JPA EntityManagerFactory for persistence unit 'default'
2024-10-04T15:01:55.817-03:00  WARN 18040 --- [msclientes] [SpringApplicationShutdownHook] o.s.b.f.support.DisposableBeanAdapter    : Invocation of destroy method failed on bean with name 'inMemoryDatabaseShutdownExecutor': org.h2.jdbc.JdbcSQLNonTransientConnectionException: Database is already closed (to disable automatic closing at VM shutdown, add ";DB_CLOSE_ON_EXIT=FALSE" to the db URL) [90121-224]
2024-10-04T15:01:55.818-03:00  INFO 18040 --- [msclientes] [SpringApplicationShutdownHook] com.zaxxer.hikari.HikariDataSource       : HikariPool-1 - Shutdown initiated...
2024-10-04T15:01:55.819-03:00  INFO 18040 --- [msclientes] [SpringApplicationShutdownHook] com.zaxxer.hikari.HikariDataSource       : HikariPool-1 - Shutdown completed.
2024-10-04T15:01:55.821-03:00  INFO 18040 --- [msclientes] [SpringApplicationShutdownHook] com.netflix.discovery.DiscoveryClient    : Shutting down DiscoveryClient ...
2024-10-04T15:01:58.834-03:00  INFO 18040 --- [msclientes] [SpringApplicationShutdownHook] com.netflix.discovery.DiscoveryClient    : Unregistering ...
2024-10-04T15:01:58.851-03:00  INFO 18040 --- [msclientes] [SpringApplicationShutdownHook] com.netflix.discovery.DiscoveryClient    : DiscoveryClient_MSCLIENTES/msclientes:5028d9e26f1e6b2f8268f833ebb2b936 - deregister  status: 200
2024-10-04T15:01:58.854-03:00  INFO 18040 --- [msclientes] [SpringApplicationShutdownHook] com.netflix.discovery.DiscoveryClient    : Completed shut down of DiscoveryClient
2024-10-04T15:02:03.553-03:00  INFO 9768 --- [msclientes] [restartedMain] i.g.k.msclientes.MsclientesApplication   : Starting MsclientesApplication using Java 17.0.9 with PID 9768 (C:\Users\Karina\Documents\Estudo\Curso microsserviço com mensageria\projetos do curso\msclientes\target\classes started by Karina in C:\Users\Karina\Documents\Estudo\Curso microsserviço com mensageria\projetos do curso\msclientes)
2024-10-04T15:02:03.556-03:00  INFO 9768 --- [msclientes] [restartedMain] i.g.k.msclientes.MsclientesApplication   : No active profile set, falling back to 1 default profile: "default"
2024-10-04T15:02:03.618-03:00  INFO 9768 --- [msclientes] [restartedMain] .e.DevToolsPropertyDefaultsPostProcessor : Devtools property defaults active! Set 'spring.devtools.add-properties' to 'false' to disable
2024-10-04T15:02:03.618-03:00  INFO 9768 --- [msclientes] [restartedMain] .e.DevToolsPropertyDefaultsPostProcessor : For additional web related logging consider setting the 'logging.level.web' property to 'DEBUG'
2024-10-04T15:02:04.794-03:00  INFO 9768 --- [msclientes] [restartedMain] .s.d.r.c.RepositoryConfigurationDelegate : Bootstrapping Spring Data JPA repositories in DEFAULT mode.
2024-10-04T15:02:04.927-03:00  INFO 9768 --- [msclientes] [restartedMain] .s.d.r.c.RepositoryConfigurationDelegate : Finished Spring Data repository scanning in 123 ms. Found 1 JPA repository interface.
2024-10-04T15:02:05.199-03:00  INFO 9768 --- [msclientes] [restartedMain] o.s.cloud.context.scope.GenericScope     : BeanFactory id=f2d28d57-c6f0-3bdb-96af-6e4ec02d49f3
2024-10-04T15:02:05.516-03:00  WARN 9768 --- [msclientes] [restartedMain] trationDelegate$BeanPostProcessorChecker : Bean 'org.springframework.cloud.client.loadbalancer.LoadBalancerAutoConfiguration$LoadBalancerInterceptorConfig' of type [org.springframework.cloud.client.loadbalancer.LoadBalancerAutoConfiguration$LoadBalancerInterceptorConfig] is not eligible for getting processed by all BeanPostProcessors (for example: not eligible for auto-proxying). The currently created BeanPostProcessor [lbRestClientPostProcessor] is declared through a non-static factory method on that class; consider declaring it as static instead.
2024-10-04T15:02:05.521-03:00  WARN 9768 --- [msclientes] [restartedMain] trationDelegate$BeanPostProcessorChecker : Bean 'org.springframework.cloud.loadbalancer.config.BlockingLoadBalancerClientAutoConfiguration' of type [org.springframework.cloud.loadbalancer.config.BlockingLoadBalancerClientAutoConfiguration] is not eligible for getting processed by all BeanPostProcessors (for example: not eligible for auto-proxying). Is this bean getting eagerly injected into a currently created BeanPostProcessor [lbRestClientPostProcessor]? Check the corresponding BeanPostProcessor declaration and its dependencies.
2024-10-04T15:02:05.523-03:00  WARN 9768 --- [msclientes] [restartedMain] trationDelegate$BeanPostProcessorChecker : Bean 'org.springframework.cloud.loadbalancer.config.LoadBalancerAutoConfiguration' of type [org.springframework.cloud.loadbalancer.config.LoadBalancerAutoConfiguration] is not eligible for getting processed by all BeanPostProcessors (for example: not eligible for auto-proxying). Is this bean getting eagerly injected into a currently created BeanPostProcessor [lbRestClientPostProcessor]? Check the corresponding BeanPostProcessor declaration and its dependencies.
2024-10-04T15:02:05.539-03:00  WARN 9768 --- [msclientes] [restartedMain] trationDelegate$BeanPostProcessorChecker : Bean 'org.springframework.cloud.commons.config.CommonsConfigAutoConfiguration' of type [org.springframework.cloud.commons.config.CommonsConfigAutoConfiguration] is not eligible for getting processed by all BeanPostProcessors (for example: not eligible for auto-proxying). Is this bean getting eagerly injected into a currently created BeanPostProcessor [lbRestClientPostProcessor]? Check the corresponding BeanPostProcessor declaration and its dependencies.
2024-10-04T15:02:05.543-03:00  WARN 9768 --- [msclientes] [restartedMain] trationDelegate$BeanPostProcessorChecker : Bean 'org.springframework.cloud.client.loadbalancer.LoadBalancerDefaultMappingsProviderAutoConfiguration' of type [org.springframework.cloud.client.loadbalancer.LoadBalancerDefaultMappingsProviderAutoConfiguration] is not eligible for getting processed by all BeanPostProcessors (for example: not eligible for auto-proxying). Is this bean getting eagerly injected into a currently created BeanPostProcessor [lbRestClientPostProcessor]? Check the corresponding BeanPostProcessor declaration and its dependencies.
2024-10-04T15:02:05.544-03:00  WARN 9768 --- [msclientes] [restartedMain] trationDelegate$BeanPostProcessorChecker : Bean 'loadBalancerClientsDefaultsMappingsProvider' of type [org.springframework.cloud.client.loadbalancer.LoadBalancerDefaultMappingsProviderAutoConfiguration$$Lambda$620/0x000001712c45d000] is not eligible for getting processed by all BeanPostProcessors (for example: not eligible for auto-proxying). Is this bean getting eagerly injected into a currently created BeanPostProcessor [lbRestClientPostProcessor]? Check the corresponding BeanPostProcessor declaration and its dependencies.
2024-10-04T15:02:05.549-03:00  WARN 9768 --- [msclientes] [restartedMain] trationDelegate$BeanPostProcessorChecker : Bean 'defaultsBindHandlerAdvisor' of type [org.springframework.cloud.commons.config.DefaultsBindHandlerAdvisor] is not eligible for getting processed by all BeanPostProcessors (for example: not eligible for auto-proxying). Is this bean getting eagerly injected into a currently created BeanPostProcessor [lbRestClientPostProcessor]? Check the corresponding BeanPostProcessor declaration and its dependencies.
2024-10-04T15:02:05.558-03:00  WARN 9768 --- [msclientes] [restartedMain] trationDelegate$BeanPostProcessorChecker : Bean 'spring.cloud.loadbalancer-org.springframework.cloud.client.loadbalancer.LoadBalancerClientsProperties' of type [org.springframework.cloud.client.loadbalancer.LoadBalancerClientsProperties] is not eligible for getting processed by all BeanPostProcessors (for example: not eligible for auto-proxying). Is this bean getting eagerly injected into a currently created BeanPostProcessor [lbRestClientPostProcessor]? Check the corresponding BeanPostProcessor declaration and its dependencies.
2024-10-04T15:02:05.567-03:00  WARN 9768 --- [msclientes] [restartedMain] trationDelegate$BeanPostProcessorChecker : Bean 'default.org.springframework.cloud.loadbalancer.config.LoadBalancerAutoConfiguration.LoadBalancerClientSpecification' of type [org.springframework.cloud.loadbalancer.annotation.LoadBalancerClientSpecification] is not eligible for getting processed by all BeanPostProcessors (for example: not eligible for auto-proxying). Is this bean getting eagerly injected into a currently created BeanPostProcessor [lbRestClientPostProcessor]? Check the corresponding BeanPostProcessor declaration and its dependencies.
2024-10-04T15:02:05.569-03:00  WARN 9768 --- [msclientes] [restartedMain] trationDelegate$BeanPostProcessorChecker : Bean 'default.org.springframework.cloud.loadbalancer.config.BlockingLoadBalancerClientAutoConfiguration.LoadBalancerClientSpecification' of type [org.springframework.cloud.loadbalancer.annotation.LoadBalancerClientSpecification] is not eligible for getting processed by all BeanPostProcessors (for example: not eligible for auto-proxying). Is this bean getting eagerly injected into a currently created BeanPostProcessor [lbRestClientPostProcessor]? Check the corresponding BeanPostProcessor declaration and its dependencies.
2024-10-04T15:02:05.570-03:00  WARN 9768 --- [msclientes] [restartedMain] trationDelegate$BeanPostProcessorChecker : Bean 'default.org.springframework.cloud.netflix.eureka.loadbalancer.LoadBalancerEurekaAutoConfiguration.LoadBalancerClientSpecification' of type [org.springframework.cloud.loadbalancer.annotation.LoadBalancerClientSpecification] is not eligible for getting processed by all BeanPostProcessors (for example: not eligible for auto-proxying). Is this bean getting eagerly injected into a currently created BeanPostProcessor [lbRestClientPostProcessor]? Check the corresponding BeanPostProcessor declaration and its dependencies.
2024-10-04T15:02:05.572-03:00  WARN 9768 --- [msclientes] [restartedMain] trationDelegate$BeanPostProcessorChecker : Bean 'loadBalancerClientFactory' of type [org.springframework.cloud.loadbalancer.support.LoadBalancerClientFactory] is not eligible for getting processed by all BeanPostProcessors (for example: not eligible for auto-proxying). Is this bean getting eagerly injected into a currently created BeanPostProcessor [lbRestClientPostProcessor]? Check the corresponding BeanPostProcessor declaration and its dependencies.
2024-10-04T15:02:05.580-03:00  WARN 9768 --- [msclientes] [restartedMain] trationDelegate$BeanPostProcessorChecker : Bean 'blockingLoadBalancerClient' of type [org.springframework.cloud.loadbalancer.blocking.client.BlockingLoadBalancerClient] is not eligible for getting processed by all BeanPostProcessors (for example: not eligible for auto-proxying). Is this bean getting eagerly injected into a currently created BeanPostProcessor [lbRestClientPostProcessor]? Check the corresponding BeanPostProcessor declaration and its dependencies.
2024-10-04T15:02:05.591-03:00  WARN 9768 --- [msclientes] [restartedMain] trationDelegate$BeanPostProcessorChecker : Bean 'loadBalancerServiceInstanceCookieTransformer' of type [org.springframework.cloud.loadbalancer.core.LoadBalancerServiceInstanceCookieTransformer] is not eligible for getting processed by all BeanPostProcessors (for example: not eligible for auto-proxying). Is this bean getting eagerly injected into a currently created BeanPostProcessor [lbRestClientPostProcessor]? Check the corresponding BeanPostProcessor declaration and its dependencies.
2024-10-04T15:02:05.594-03:00  WARN 9768 --- [msclientes] [restartedMain] trationDelegate$BeanPostProcessorChecker : Bean 'xForwarderHeadersTransformer' of type [org.springframework.cloud.loadbalancer.blocking.XForwardedHeadersTransformer] is not eligible for getting processed by all BeanPostProcessors (for example: not eligible for auto-proxying). Is this bean getting eagerly injected into a currently created BeanPostProcessor [lbRestClientPostProcessor]? Check the corresponding BeanPostProcessor declaration and its dependencies.
2024-10-04T15:02:05.594-03:00  WARN 9768 --- [msclientes] [restartedMain] trationDelegate$BeanPostProcessorChecker : Bean 'org.springframework.cloud.client.loadbalancer.LoadBalancerAutoConfiguration' of type [org.springframework.cloud.client.loadbalancer.LoadBalancerAutoConfiguration] is not eligible for getting processed by all BeanPostProcessors (for example: not eligible for auto-proxying). Is this bean getting eagerly injected into a currently created BeanPostProcessor [lbRestClientPostProcessor]? Check the corresponding BeanPostProcessor declaration and its dependencies.
2024-10-04T15:02:05.598-03:00  WARN 9768 --- [msclientes] [restartedMain] trationDelegate$BeanPostProcessorChecker : Bean 'loadBalancerRequestFactory' of type [org.springframework.cloud.client.loadbalancer.LoadBalancerRequestFactory] is not eligible for getting processed by all BeanPostProcessors (for example: not eligible for auto-proxying). Is this bean getting eagerly injected into a currently created BeanPostProcessor [lbRestClientPostProcessor]? Check the corresponding BeanPostProcessor declaration and its dependencies.
2024-10-04T15:02:05.600-03:00  WARN 9768 --- [msclientes] [restartedMain] trationDelegate$BeanPostProcessorChecker : Bean 'loadBalancerInterceptor' of type [org.springframework.cloud.client.loadbalancer.LoadBalancerInterceptor] is not eligible for getting processed by all BeanPostProcessors (for example: not eligible for auto-proxying). Is this bean getting eagerly injected into a currently created BeanPostProcessor [lbRestClientPostProcessor]? Check the corresponding BeanPostProcessor declaration and its dependencies.
2024-10-04T15:02:06.144-03:00  INFO 9768 --- [msclientes] [restartedMain] o.s.b.w.embedded.tomcat.TomcatWebServer  : Tomcat initialized with port 0 (http)
2024-10-04T15:02:06.159-03:00  INFO 9768 --- [msclientes] [restartedMain] o.apache.catalina.core.StandardService   : Starting service [Tomcat]
2024-10-04T15:02:06.160-03:00  INFO 9768 --- [msclientes] [restartedMain] o.apache.catalina.core.StandardEngine    : Starting Servlet engine: [Apache Tomcat/10.1.17]
2024-10-04T15:02:06.233-03:00  INFO 9768 --- [msclientes] [restartedMain] o.a.c.c.C.[Tomcat].[localhost].[/]       : Initializing Spring embedded WebApplicationContext
2024-10-04T15:02:06.234-03:00  INFO 9768 --- [msclientes] [restartedMain] w.s.c.ServletWebServerApplicationContext : Root WebApplicationContext: initialization completed in 2615 ms
2024-10-04T15:02:06.407-03:00  INFO 9768 --- [msclientes] [restartedMain] com.zaxxer.hikari.HikariDataSource       : HikariPool-1 - Starting...
2024-10-04T15:02:06.613-03:00  INFO 9768 --- [msclientes] [restartedMain] com.zaxxer.hikari.pool.HikariPool        : HikariPool-1 - Added connection conn0: url=jdbc:h2:mem:102e9e39-fae7-4bfb-850a-212a9599c98a user=SA
2024-10-04T15:02:06.616-03:00  INFO 9768 --- [msclientes] [restartedMain] com.zaxxer.hikari.HikariDataSource       : HikariPool-1 - Start completed.
2024-10-04T15:02:06.629-03:00  INFO 9768 --- [msclientes] [restartedMain] o.s.b.a.h2.H2ConsoleAutoConfiguration    : H2 console available at '/h2-console'. Database available at 'jdbc:h2:mem:102e9e39-fae7-4bfb-850a-212a9599c98a'
2024-10-04T15:02:06.953-03:00  INFO 9768 --- [msclientes] [restartedMain] o.hibernate.jpa.internal.util.LogHelper  : HHH000204: Processing PersistenceUnitInfo [name: default]
2024-10-04T15:02:07.033-03:00  INFO 9768 --- [msclientes] [restartedMain] org.hibernate.Version                    : HHH000412: Hibernate ORM core version 6.4.1.Final
2024-10-04T15:02:07.078-03:00  INFO 9768 --- [msclientes] [restartedMain] o.h.c.internal.RegionFactoryInitiator    : HHH000026: Second-level cache disabled
2024-10-04T15:02:07.368-03:00  INFO 9768 --- [msclientes] [restartedMain] o.s.o.j.p.SpringPersistenceUnitInfo      : No LoadTimeWeaver setup: ignoring JPA class transformer
2024-10-04T15:02:08.344-03:00  INFO 9768 --- [msclientes] [restartedMain] o.h.e.t.j.p.i.JtaPlatformInitiator       : HHH000489: No JTA platform available (set 'hibernate.transaction.jta.platform' to enable JTA platform integration)
2024-10-04T15:02:08.375-03:00  INFO 9768 --- [msclientes] [restartedMain] j.LocalContainerEntityManagerFactoryBean : Initialized JPA EntityManagerFactory for persistence unit 'default'
2024-10-04T15:02:08.896-03:00  WARN 9768 --- [msclientes] [restartedMain] JpaBaseConfiguration$JpaWebConfiguration : spring.jpa.open-in-view is enabled by default. Therefore, database queries may be performed during view rendering. Explicitly configure spring.jpa.open-in-view to disable this warning
2024-10-04T15:02:10.043-03:00  WARN 9768 --- [msclientes] [restartedMain] o.s.b.d.a.OptionalLiveReloadServer       : Unable to start LiveReload server
2024-10-04T15:02:10.157-03:00  INFO 9768 --- [msclientes] [restartedMain] DiscoveryClientOptionalArgsConfiguration : Eureka HTTP Client uses RestTemplate.
2024-10-04T15:02:10.199-03:00  WARN 9768 --- [msclientes] [restartedMain] iguration$LoadBalancerCaffeineWarnLogger : Spring Cloud LoadBalancer is currently working with the default cache. While this cache implementation is useful for development and tests, it's recommended to use Caffeine cache in production.You can switch to using Caffeine cache, by adding it and org.springframework.cache.caffeine.CaffeineCacheManager to the classpath.
2024-10-04T15:02:10.206-03:00  INFO 9768 --- [msclientes] [restartedMain] o.s.b.a.e.web.EndpointLinksResolver      : Exposing 17 endpoint(s) beneath base path '/actuator'
2024-10-04T15:02:10.313-03:00  INFO 9768 --- [msclientes] [restartedMain] o.s.b.w.embedded.tomcat.TomcatWebServer  : Tomcat started on port 59039 (http) with context path ''
2024-10-04T15:02:10.314-03:00  INFO 9768 --- [msclientes] [restartedMain] .s.c.n.e.s.EurekaAutoServiceRegistration : Updating port to 59039
2024-10-04T15:02:10.318-03:00  INFO 9768 --- [msclientes] [restartedMain] o.s.c.n.eureka.InstanceInfoFactory       : Setting initial instance status as: STARTING
2024-10-04T15:02:10.395-03:00  INFO 9768 --- [msclientes] [restartedMain] com.netflix.discovery.DiscoveryClient    : Initializing Eureka in region us-east-1
2024-10-04T15:02:10.399-03:00  INFO 9768 --- [msclientes] [restartedMain] c.n.d.s.r.aws.ConfigClusterResolver      : Resolving eureka endpoints via configuration
2024-10-04T15:02:10.423-03:00  INFO 9768 --- [msclientes] [restartedMain] com.netflix.discovery.DiscoveryClient    : Disable delta property : false
2024-10-04T15:02:10.424-03:00  INFO 9768 --- [msclientes] [restartedMain] com.netflix.discovery.DiscoveryClient    : Single vip registry refresh property : null
2024-10-04T15:02:10.424-03:00  INFO 9768 --- [msclientes] [restartedMain] com.netflix.discovery.DiscoveryClient    : Force full registry fetch : false
2024-10-04T15:02:10.424-03:00  INFO 9768 --- [msclientes] [restartedMain] com.netflix.discovery.DiscoveryClient    : Application is null : false
2024-10-04T15:02:10.424-03:00  INFO 9768 --- [msclientes] [restartedMain] com.netflix.discovery.DiscoveryClient    : Registered Applications size is zero : true
2024-10-04T15:02:10.424-03:00  INFO 9768 --- [msclientes] [restartedMain] com.netflix.discovery.DiscoveryClient    : Application version is -1: true
2024-10-04T15:02:10.424-03:00  INFO 9768 --- [msclientes] [restartedMain] com.netflix.discovery.DiscoveryClient    : Getting all instance registry info from the eureka server
2024-10-04T15:02:10.768-03:00  INFO 9768 --- [msclientes] [restartedMain] com.netflix.discovery.DiscoveryClient    : The response status is 200
2024-10-04T15:02:10.771-03:00  INFO 9768 --- [msclientes] [restartedMain] com.netflix.discovery.DiscoveryClient    : Starting heartbeat executor: renew interval is: 30
2024-10-04T15:02:10.774-03:00  INFO 9768 --- [msclientes] [restartedMain] c.n.discovery.InstanceInfoReplicator     : InstanceInfoReplicator onDemand update allowed rate per min is 4
2024-10-04T15:02:10.779-03:00  INFO 9768 --- [msclientes] [restartedMain] com.netflix.discovery.DiscoveryClient    : Discovery Client initialized at timestamp 1728064930778 with initial instances count: 3
2024-10-04T15:02:10.785-03:00  INFO 9768 --- [msclientes] [restartedMain] o.s.c.n.e.s.EurekaServiceRegistry        : Registering application MSCLIENTES with eureka with status UP
2024-10-04T15:02:10.785-03:00  INFO 9768 --- [msclientes] [restartedMain] com.netflix.discovery.DiscoveryClient    : Saw local status change event StatusChangeEvent [timestamp=1728064930785, current=UP, previous=STARTING]
2024-10-04T15:02:10.786-03:00  INFO 9768 --- [msclientes] [DiscoveryClient-InstanceInfoReplicator-0] com.netflix.discovery.DiscoveryClient    : DiscoveryClient_MSCLIENTES/msclientes:29747f5d83469d813d547deafd3bc47c: registering service...
2024-10-04T15:02:10.818-03:00  INFO 9768 --- [msclientes] [DiscoveryClient-InstanceInfoReplicator-0] com.netflix.discovery.DiscoveryClient    : DiscoveryClient_MSCLIENTES/msclientes:29747f5d83469d813d547deafd3bc47c - registration status: 204
2024-10-04T15:02:10.887-03:00  INFO 9768 --- [msclientes] [restartedMain] i.g.k.msclientes.MsclientesApplication   : Started MsclientesApplication in 7.883 seconds (process running for 8.389)
2024-10-04T15:02:23.520-03:00  INFO 9768 --- [msclientes] [http-nio-auto-1-exec-1] o.a.c.c.C.[Tomcat].[localhost].[/]       : Initializing Spring DispatcherServlet 'dispatcherServlet'
2024-10-04T15:02:23.520-03:00  INFO 9768 --- [msclientes] [http-nio-auto-1-exec-1] o.s.web.servlet.DispatcherServlet        : Initializing Servlet 'dispatcherServlet'
2024-10-04T15:02:23.522-03:00  INFO 9768 --- [msclientes] [http-nio-auto-1-exec-1] o.s.web.servlet.DispatcherServlet        : Completed initialization in 1 ms
2024-10-04T15:02:52.744-03:00  INFO 9768 --- [msclientes] [http-nio-auto-1-exec-4] o.springdoc.api.AbstractOpenApiResource  : Init duration for springdoc-openapi is: 141 ms
2024-10-04T15:07:10.440-03:00  INFO 9768 --- [msclientes] [AsyncResolver-bootstrap-executor-0] c.n.d.s.r.aws.ConfigClusterResolver      : Resolving eureka endpoints via configuration
2024-10-04T15:12:10.447-03:00  INFO 9768 --- [msclientes] [AsyncResolver-bootstrap-executor-0] c.n.d.s.r.aws.ConfigClusterResolver      : Resolving eureka endpoints via configuration
2024-10-04T15:17:10.461-03:00  INFO 9768 --- [msclientes] [AsyncResolver-bootstrap-executor-0] c.n.d.s.r.aws.ConfigClusterResolver      : Resolving eureka endpoints via configuration
2024-10-04T15:22:10.478-03:00  INFO 9768 --- [msclientes] [AsyncResolver-bootstrap-executor-0] c.n.d.s.r.aws.ConfigClusterResolver      : Resolving eureka endpoints via configuration
2024-10-04T15:27:10.479-03:00  INFO 9768 --- [msclientes] [AsyncResolver-bootstrap-executor-0] c.n.d.s.r.aws.ConfigClusterResolver      : Resolving eureka endpoints via configuration
